C:\Program Files (x86)\Microsoft Visual Studio\2019\Community\MSBuild\Microsoft\VC\v160\Microsoft.CppBuild.targets(519,5): warning MSB8028: 中間ディレクトリ (x64\Release\) に別のプロジェクト (Project1.vcxproj, 自作プロジェクト1.vcxproj) と共有されているファイルが含まれています。これにより、クリーンしてリビルド動作が適切に行われない可能性があります。
  test2.cpp
C:\Users\daito\Desktop\ゲームのプログラムと材料一式\playerhensuuVr2.h(224,16): warning C4244: '=': 'double' から 'int' への変換です。データが失われる可能性があります。
C:\Users\daito\Desktop\ゲームのプログラムと材料一式\playerhensuuVr2.h(973,42): warning C4838: 'double' から 'int' への変換には縮小変換が必要です
C:\Users\daito\Desktop\ゲームのプログラムと材料一式\playerhensuuVr2.h(973,42): warning C4244: '初期化中': 'double' から 'int' への変換です。データが失われる可能性があります。
C:\Users\daito\Desktop\ゲームのプログラムと材料一式\talk.h(171,8): warning C4553: '==': 式の結果が使用されていません。'=' を意図していますか?
C:\Users\daito\Desktop\ゲームのプログラムと材料一式\syuzinkoukougekigazou.h(1,1): warning C4819: ファイルは、現在のコード ページ (932) で表示できない文字を含んでいます。データの損失を防ぐために、ファイルを Unicode 形式で保存してください。
C:\Users\daito\Desktop\ゲームのプログラムと材料一式\syuzinkoukougekigazou.h(533,1): warning C4819: ファイルは、現在のコード ページ (932) で表示できない文字を含んでいます。データの損失を防ぐために、ファイルを Unicode 形式で保存してください。
C:\Users\daito\Desktop\ゲームのプログラムと材料一式\stage1Player_Draw.h(55,53): warning C4305: '引数': 'double' から 'float' へ切り詰めます。
C:\Users\daito\Desktop\ゲームのプログラムと材料一式\stage1Player_Draw.h(277,95): warning C4244: '引数': 'double' から 'int' への変換です。データが失われる可能性があります。
C:\Users\daito\Desktop\ゲームのプログラムと材料一式\stage1Player_Draw.h(277,48): warning C4244: '引数': 'double' から 'int' への変換です。データが失われる可能性があります。
C:\Users\daito\Desktop\ゲームのプログラムと材料一式\stage1Player_Draw.h(283,95): warning C4244: '引数': 'double' から 'int' への変換です。データが失われる可能性があります。
C:\Users\daito\Desktop\ゲームのプログラムと材料一式\stage1Player_Draw.h(283,48): warning C4244: '引数': 'double' から 'int' への変換です。データが失われる可能性があります。
C:\Users\daito\Desktop\ゲームのプログラムと材料一式\stage1Player_Draw.h(289,95): warning C4244: '引数': 'double' から 'int' への変換です。データが失われる可能性があります。
C:\Users\daito\Desktop\ゲームのプログラムと材料一式\stage1Player_Draw.h(289,48): warning C4244: '引数': 'double' から 'int' への変換です。データが失われる可能性があります。
C:\Users\daito\Desktop\ゲームのプログラムと材料一式\stage1Player_Draw.h(431,95): warning C4244: '引数': 'double' から 'int' への変換です。データが失われる可能性があります。
C:\Users\daito\Desktop\ゲームのプログラムと材料一式\stage1Player_Draw.h(431,48): warning C4244: '引数': 'double' から 'int' への変換です。データが失われる可能性があります。
C:\Users\daito\Desktop\ゲームのプログラムと材料一式\stage1Player_Draw.h(438,95): warning C4244: '引数': 'double' から 'int' への変換です。データが失われる可能性があります。
C:\Users\daito\Desktop\ゲームのプログラムと材料一式\stage1Player_Draw.h(438,48): warning C4244: '引数': 'double' から 'int' への変換です。データが失われる可能性があります。
C:\Users\daito\Desktop\ゲームのプログラムと材料一式\stage1Player_Draw.h(444,95): warning C4244: '引数': 'double' から 'int' への変換です。データが失われる可能性があります。
C:\Users\daito\Desktop\ゲームのプログラムと材料一式\stage1Player_Draw.h(444,48): warning C4244: '引数': 'double' から 'int' への変換です。データが失われる可能性があります。
C:\Users\daito\Desktop\ゲームのプログラムと材料一式\stage1Player_Draw.h(3181,17): warning C4305: '=': 'double' から 'float' へ切り詰めます。
C:\Users\daito\Desktop\ゲームのプログラムと材料一式\stage1Player_Draw.h(3205,17): warning C4305: '=': 'double' から 'float' へ切り詰めます。
C:\Users\daito\Desktop\ゲームのプログラムと材料一式\UEsuraido.h(1,1): warning C4819: ファイルは、現在のコード ページ (932) で表示できない文字を含んでいます。データの損失を防ぐために、ファイルを Unicode 形式で保存してください。
C:\Users\daito\Desktop\ゲームのプログラムと材料一式\UEsuraido.h(22,94): warning C4244: '引数': 'double' から 'int' への変換です。データが失われる可能性があります。
C:\Users\daito\Desktop\ゲームのプログラムと材料一式\UEsuraido.h(22,47): warning C4244: '引数': 'double' から 'int' への変換です。データが失われる可能性があります。
C:\Users\daito\Desktop\ゲームのプログラムと材料一式\UEsuraido.h(29,94): warning C4244: '引数': 'double' から 'int' への変換です。データが失われる可能性があります。
C:\Users\daito\Desktop\ゲームのプログラムと材料一式\UEsuraido.h(29,47): warning C4244: '引数': 'double' から 'int' への変換です。データが失われる可能性があります。
C:\Users\daito\Desktop\ゲームのプログラムと材料一式\UEsuraido.h(35,94): warning C4244: '引数': 'double' から 'int' への変換です。データが失われる可能性があります。
C:\Users\daito\Desktop\ゲームのプログラムと材料一式\UEsuraido.h(35,47): warning C4244: '引数': 'double' から 'int' への変換です。データが失われる可能性があります。
C:\Users\daito\Desktop\ゲームのプログラムと材料一式\stage2Player_Draw.h(63,150): warning C4305: '引数': 'double' から 'float' へ切り詰めます。
C:\Users\daito\Desktop\ゲームのプログラムと材料一式\stage2Player_Draw.h(63,113): warning C4244: '引数': 'double' から 'float' への変換です。データが失われる可能性があります。
C:\Users\daito\Desktop\ゲームのプログラムと材料一式\stage2Player_Draw.h(72,53): warning C4305: '引数': 'double' から 'float' へ切り詰めます。
C:\Users\daito\Desktop\ゲームのプログラムと材料一式\stage2Player_Draw.h(91,198): warning C4305: '引数': 'double' から 'float' へ切り詰めます。
C:\Users\daito\Desktop\ゲームのプログラムと材料一式\stage2Player_Draw.h(327,95): warning C4244: '引数': 'double' から 'int' への変換です。データが失われる可能性があります。
C:\Users\daito\Desktop\ゲームのプログラムと材料一式\stage2Player_Draw.h(327,48): warning C4244: '引数': 'double' から 'int' への変換です。データが失われる可能性があります。
C:\Users\daito\Desktop\ゲームのプログラムと材料一式\stage2Player_Draw.h(333,95): warning C4244: '引数': 'double' から 'int' への変換です。データが失われる可能性があります。
C:\Users\daito\Desktop\ゲームのプログラムと材料一式\stage2Player_Draw.h(333,48): warning C4244: '引数': 'double' から 'int' への変換です。データが失われる可能性があります。
C:\Users\daito\Desktop\ゲームのプログラムと材料一式\stage2Player_Draw.h(339,95): warning C4244: '引数': 'double' から 'int' への変換です。データが失われる可能性があります。
C:\Users\daito\Desktop\ゲームのプログラムと材料一式\stage2Player_Draw.h(339,48): warning C4244: '引数': 'double' から 'int' への変換です。データが失われる可能性があります。
C:\Users\daito\Desktop\ゲームのプログラムと材料一式\stage2Player_Draw.h(364,95): warning C4244: '引数': 'double' から 'int' への変換です。データが失われる可能性があります。
C:\Users\daito\Desktop\ゲームのプログラムと材料一式\stage2Player_Draw.h(364,48): warning C4244: '引数': 'double' から 'int' への変換です。データが失われる可能性があります。
C:\Users\daito\Desktop\ゲームのプログラムと材料一式\stage2Player_Draw.h(371,95): warning C4244: '引数': 'double' から 'int' への変換です。データが失われる可能性があります。
C:\Users\daito\Desktop\ゲームのプログラムと材料一式\stage2Player_Draw.h(371,48): warning C4244: '引数': 'double' から 'int' への変換です。データが失われる可能性があります。
C:\Users\daito\Desktop\ゲームのプログラムと材料一式\stage2Player_Draw.h(377,95): warning C4244: '引数': 'double' から 'int' への変換です。データが失われる可能性があります。
C:\Users\daito\Desktop\ゲームのプログラムと材料一式\stage2Player_Draw.h(377,48): warning C4244: '引数': 'double' から 'int' への変換です。データが失われる可能性があります。
C:\Users\daito\Desktop\ゲームのプログラムと材料一式\stage2Player_Draw.h(2363,121): warning C4804: '<': 演算中の 'bool' 型の使用方法が安全ではありません
C:\Users\daito\Desktop\ゲームのプログラムと材料一式\stage2Player_Draw.h(2478,121): warning C4804: '<': 演算中の 'bool' 型の使用方法が安全ではありません
C:\Users\daito\Desktop\ゲームのプログラムと材料一式\stage2Player_Draw.h(2594,99): warning C4804: '<': 演算中の 'bool' 型の使用方法が安全ではありません
C:\Users\daito\Desktop\ゲームのプログラムと材料一式\stage2Player_Draw.h(2710,99): warning C4804: '<': 演算中の 'bool' 型の使用方法が安全ではありません
C:\Users\daito\Desktop\ゲームのプログラムと材料一式\stage2Player_Draw.h(2825,99): warning C4804: '<': 演算中の 'bool' 型の使用方法が安全ではありません
C:\Users\daito\Desktop\ゲームのプログラムと材料一式\stage2Player_Draw.h(2940,96): warning C4804: '<': 演算中の 'bool' 型の使用方法が安全ではありません
C:\Users\daito\Desktop\ゲームのプログラムと材料一式\stage2Player_Draw.h(3056,96): warning C4804: '<': 演算中の 'bool' 型の使用方法が安全ではありません
C:\Users\daito\Desktop\ゲームのプログラムと材料一式\stage2Player_Draw.h(3134,118): warning C4804: '<': 演算中の 'bool' 型の使用方法が安全ではありません
C:\Users\daito\Desktop\ゲームのプログラムと材料一式\stage2Player_Draw.h(3446,17): warning C4305: '=': 'double' から 'float' へ切り詰めます。
C:\Users\daito\Desktop\ゲームのプログラムと材料一式\stage2Player_Draw.h(3471,17): warning C4305: '=': 'double' から 'float' へ切り詰めます。
C:\Users\daito\Desktop\ゲームのプログラムと材料一式\stage2Player_Draw.h(3485,18): warning C4305: '=': 'double' から 'float' へ切り詰めます。
C:\Users\daito\Desktop\ゲームのプログラムと材料一式\stage2Player_Draw.h(3510,18): warning C4305: '=': 'double' から 'float' へ切り詰めます。
C:\Users\daito\Desktop\ゲームのプログラムと材料一式\stage2Player_Draw.h(3900,14): warning C4244: '=': 'double' から 'float' への変換です。データが失われる可能性があります。
C:\Users\daito\Desktop\ゲームのプログラムと材料一式\stage2Player_Draw.h(3905,14): warning C4244: '=': 'double' から 'float' への変換です。データが失われる可能性があります。
C:\Users\daito\Desktop\ゲームのプログラムと材料一式\stage2Player_Draw.h(3909,14): warning C4244: '=': 'double' から 'float' への変換です。データが失われる可能性があります。
C:\Users\daito\Desktop\ゲームのプログラムと材料一式\stage2Player_Draw.h(3913,14): warning C4244: '=': 'double' から 'float' への変換です。データが失われる可能性があります。
C:\Users\daito\Desktop\ゲームのプログラムと材料一式\stage2Player_Draw.h(3917,14): warning C4244: '=': 'double' から 'float' への変換です。データが失われる可能性があります。
C:\Users\daito\Desktop\ゲームのプログラムと材料一式\stage2Player_Draw.h(3921,14): warning C4244: '=': 'double' から 'float' への変換です。データが失われる可能性があります。
  コード生成しています。
  Previous IPDB and IOBJ mismatch, fall back to full compilation.
  All 57 functions were compiled because no usable IPDB/IOBJ from previous compilation was found.
  コード生成が終了しました。
  Project2023game.vcxproj -> C:\Users\daito\Desktop\Project2023game\Project2023game\x64\Release\Project2023game.exe
